e:\5th year project\localization\mfclocalization\debug\mfclocalization.pch
e:\5th year project\localization\mfclocalization\debug\vc120.pdb
e:\5th year project\localization\mfclocalization\debug\vc120.idb
e:\5th year project\localization\mfclocalization\debug\stdafx.obj
e:\5th year project\localization\mfclocalization\debug\kalman.obj
e:\5th year project\localization\mfclocalization\debug\matlab.obj
e:\5th year project\localization\mfclocalization\debug\mfclocalization.obj
e:\5th year project\localization\mfclocalization\debug\mfclocalizationdlg.obj
e:\5th year project\localization\mfclocalization\debug\myrobot.obj
e:\5th year project\localization\debug\mfclocalization.ilk
e:\5th year project\localization\debug\mfclocalization.exe
e:\5th year project\localization\debug\mfclocalization.pdb
e:\5th year project\localization\mfclocalization\debug\mfclocalization.res
e:\5th year project\localization\mfclocalization\debug\mfclocalization.tlog\cl.command.1.tlog
e:\5th year project\localization\mfclocalization\debug\mfclocalization.tlog\cl.read.1.tlog
e:\5th year project\localization\mfclocalization\debug\mfclocalization.tlog\cl.write.1.tlog
e:\5th year project\localization\mfclocalization\debug\mfclocalization.tlog\link.command.1.tlog
e:\5th year project\localization\mfclocalization\debug\mfclocalization.tlog\link.read.1.tlog
e:\5th year project\localization\mfclocalization\debug\mfclocalization.tlog\link.write.1.tlog
e:\5th year project\localization\mfclocalization\debug\mfclocalization.tlog\rc.command.1.tlog
e:\5th year project\localization\mfclocalization\debug\mfclocalization.tlog\rc.read.1.tlog
e:\5th year project\localization\mfclocalization\debug\mfclocalization.tlog\rc.write.1.tlog
